
SQL*Loader: Release 18.0.0.0.0 - Production on Tue Mar 31 15:16:09 2020
Version 18.4.0.0.0

Copyright (c) 1982, 2018, Oracle and/or its affiliates.  All rights reserved.

Control File:   [BD1]ArchivoControl.ctl
Character Set UTF8 specified for all input.

Data File:      Entrada/entrada.csv
  Bad File:     bad/[BD1]ArchivoControl.bad
  Discard File:  none specified
 
 (Allow all discards)

Number to load: ALL
Number to skip: 1
Errors allowed: 50
Bind array:     250 rows, maximum of 1048576 bytes
Continuation:    none specified
Path used:      Conventional

Table C##PRACTICA2BD2.REGISTRO, loaded from every logical record.
Insert option in effect for this table: TRUNCATE
TRAILING NULLCOLS option in effect

   Column Name                  Position   Len  Term Encl Datatype
------------------------------ ---------- ----- ---- ---- ---------------------
NOMBRE_VICTIMA                      FIRST     *   ;       CHARACTER            
APELLIDO_VICTIMA                     NEXT     *   ;       CHARACTER            
DIRECCION_VICTIMA                    NEXT     *   ;       CHARACTER            
FECHA_PRIMERA_SOSPECHA               NEXT     *   ;       DATETIME YYYY-MM-DD HH24:MI:SS.FF
FECHA_CONFIRMACION                   NEXT     *   ;       DATETIME YYYY-MM-DD HH24:MI:SS.FF
FECHA_MUERTE                         NEXT     *   ;       DATETIME YYYY-MM-DD HH24:MI:SS.FF
ESTADO_VICTIMA                       NEXT     *   ;       CHARACTER            
NOMBRE_ASOCIADO                      NEXT     *   ;       CHARACTER            
APELLIDO_ASOCIADO                    NEXT     *   ;       CHARACTER            
FECHA_CONOCIO                        NEXT     *   ;       DATETIME YYYY-MM-DD HH24:MI:SS.FF
CONTACTO_FISICO                      NEXT     *   ;       CHARACTER            
FECHA_INICIO_CONTACTO                NEXT     *   ;       DATETIME YYYY-MM-DD HH24:MI:SS.FF
FECHA_FIN_CONTACTO                   NEXT     *   ;       DATETIME YYYY-MM-DD HH24:MI:SS.FF
NOMBRE_HOSPITAL                      NEXT     *   ;       CHARACTER            
DIRECCION_HOSPITAL                   NEXT     *   ;       CHARACTER            
UBICACION_VICTIMA                    NEXT     *   ;       CHARACTER            
FECHA_LLEGADA                        NEXT     *   ;       DATETIME YYYY-MM-DD HH24:MI:SS.FF
FECHA_RETIRO                         NEXT     *   ;       DATETIME YYYY-MM-DD HH24:MI:SS.FF
TRATAMIENTO                          NEXT     *   ;       CHARACTER            
EFECTIVIDAD                          NEXT     *   ;       CHARACTER            
FECHA_INICIO_TRATAMIENTO             NEXT     *   ;       DATETIME YYYY-MM-DD HH24:MI:SS.FF
FECHA_FIN_TRATAMIENTO                NEXT     *   ;       DATETIME YYYY-MM-DD HH24:MI:SS.FF
EFECTIVIDAD_EN_VICTIMA               NEXT     *   ;       CHARACTER            

value used for ROWS parameter changed from 250 to 176

Table C##PRACTICA2BD2.REGISTRO:
  14032 Rows successfully loaded.
  0 Rows not loaded due to data errors.
  0 Rows not loaded because all WHEN clauses were failed.
  0 Rows not loaded because all fields were null.


Space allocated for bind array:                1044384 bytes(176 rows)
Read   buffer bytes: 1048576

Total logical records skipped:          1
Total logical records read:         14032
Total logical records rejected:         0
Total logical records discarded:        0

Run began on Tue Mar 31 15:16:09 2020
Run ended on Tue Mar 31 15:16:12 2020

Elapsed time was:     00:00:02.80
CPU time was:         00:00:00.15
